Added Component: Designator=U6(RASPBERRY_PI_PICO)
Add component (AddParameter): Name = "Check_prices"; Value = "https://www.snapeda.com/parts/RASPBERRY%20PI%20PICO/Raspberry+Pi/view-part/?ref=eda"; VariantName = "[No Variations]"
Add component (AddParameter): Name = "MF"; Value = "Raspberry Pi"; VariantName = "[No Variations]"
Add component (AddParameter): Name = "MP"; Value = "RASPBERRY PI PICO"; VariantName = "[No Variations]"
Add component (AddParameter): Name = "Package"; Value = "None"; VariantName = "[No Variations]"
Add component (AddParameter): Name = "SnapEDA_Link"; Value = "https://www.snapeda.com/parts/RASPBERRY%20PI%20PICO/Raspberry+Pi/view-part/?ref=snap"; VariantName = "[No Variations]"
Add component (AddParameter): Name = "Value"; Value = ""; VariantName = "[No Variations]"
Added Pin To Net: NetName=+3.3V Pin=U6-3V3_EN
Added Pin To Net: NetName=GND Pin=U6-GND7
Added Pin To Net: NetName=NetP2_2 Pin=U6-GP0
Added Pin To Net: NetName=NetP2_3 Pin=U6-GP1
Added Pin To Net: NetName=CS Pin=U6-GP2
Added Pin To Net: NetName=NetR31_1 Pin=U6-GP3
Added Pin To Net: NetName=NetP3_1 Pin=U6-GP4
Added Pin To Net: NetName=NetP3_3 Pin=U6-GP5
Added Pin To Net: NetName=NetR33_1 Pin=U6-GP6
Added Pin To Net: NetName=NetR32_1 Pin=U6-GP7
Added Pin To Net: NetName=GPIO8 Pin=U6-GP8
Added Pin To Net: NetName=GPIO9 Pin=U6-GP9
Added Pin To Net: NetName=GPIO10 Pin=U6-GP10
Added Pin To Net: NetName=GPIO11 Pin=U6-GP11
Added Pin To Net: NetName=GPIO12 Pin=U6-GP12
Added Pin To Net: NetName=GPIO13 Pin=U6-GP13
Added Pin To Net: NetName=GPIO14 Pin=U6-GP14
Added Pin To Net: NetName=GPIO15 Pin=U6-GP15
Added Pin To Net: NetName=PWM1 Pin=U6-GP16
Added Pin To Net: NetName=PWM2 Pin=U6-GP17
Added Pin To Net: NetName=PWM3 Pin=U6-GP18
Added Pin To Net: NetName=NetR20_2 Pin=U6-GP20
Added Pin To Net: NetName=NetR19_2 Pin=U6-GP21
Added Pin To Net: NetName=NetR30_1 Pin=U6-GP22
Added Pin To Net: NetName=INC Pin=U6-GP27_A1
Added Pin To Net: NetName=U/D Pin=U6-GP28_A2
Added Pin To Net: NetName=NetSW1_B Pin=U6-RUN
Added Member To Class: ClassName=Control Member=Component U6 RASPBERRY_PI_PICO
