Removed Member From Class: ClassName=Salida Member=C1
Removed Member From Class: ClassName=Salida Member=C2
Removed Member From Class: ClassName=Salida Member=R1
Removed Member From Class: ClassName=Salida Member=R4
Removed Member From Class: ClassName=Salida Member=R5
Removed Member From Class: ClassName=Salida Member=R6
Removed Member From Class: ClassName=Salida Member=R7
Removed Member From Class: ClassName=Control Member=U4
Removed Member From Class: ClassName=Salida Member=W1
Change Component Footprint: Designator=P1 Old Footprint=61300411121 New Footprint=61300411121
Change Component Footprint: Designator=J1 Old Footprint=691101710003 New Footprint=691101710003
Change Component Footprint: Designator=J1 Old Footprint=691102710002 New Footprint=691102710002
Change Component Footprint: Designator=C1 Old Footprint=FP-ECQ-E2564KB-MFG New Footprint=FP-ECQ-E2564KB-MFG
Change Component Footprint: Designator=SW1 Old Footprint=FP-EVQ-PAC07K-MFG New Footprint=FP-EVQ-PAC07K-MFG
Change Component Footprint: Designator=SW2 Old Footprint=FP-EVQ-PAC07K-MFG New Footprint=FP-EVQ-PAC07K-MFG
Change Component Footprint: Designator=SW3 Old Footprint=FP-EVQ-PAC07K-MFG New Footprint=FP-EVQ-PAC07K-MFG
Change Component Footprint: Designator=SW4 Old Footprint=FP-EVQ-PAC07K-MFG New Footprint=FP-EVQ-PAC07K-MFG
Change Component Footprint: Designator=U4 Old Footprint=M8_15_MFG New Footprint=M8_15_MFG
Change Component Designator: OldDesignator=C1 NewDesignator=C21
Change Component Designator: OldDesignator=C2 NewDesignator=C22
Change Component Designator: OldDesignator=C11 NewDesignator=C12
Change Component Designator: OldDesignator=C12 NewDesignator=C14
Change Component Designator: OldDesignator=C13 NewDesignator=C11
Change Component Designator: OldDesignator=C14 NewDesignator=C13
Change Component Designator: OldDesignator=C15 NewDesignator=C16
Change Component Designator: OldDesignator=C16 NewDesignator=C19
Change Component Designator: OldDesignator=C17 NewDesignator=C15
Change Component Designator: OldDesignator=C18 NewDesignator=C17
Change Component Designator: OldDesignator=C19 NewDesignator=C18
Change Component Designator: OldDesignator=C21 NewDesignator=C23
Change Component Designator: OldDesignator=C22 NewDesignator=C24
Change Component Designator: OldDesignator=C23 NewDesignator=C25
Change Component Designator: OldDesignator=C24 NewDesignator=C26
Change Component Designator: OldDesignator=D1 NewDesignator=D7
Change Component Designator: OldDesignator=D2 NewDesignator=D8
Change Component Designator: OldDesignator=J1 NewDesignator=J2
Change Component Designator: OldDesignator=P1 NewDesignator=P2
Change Component Designator: OldDesignator=P2 NewDesignator=P3
Change Component Designator: OldDesignator=Q1 NewDesignator=Q6
Change Component Designator: OldDesignator=R1 NewDesignator=R19
Change Component Designator: OldDesignator=R1 NewDesignator=R26
Change Component Designator: OldDesignator=R2 NewDesignator=R1
Change Component Designator: OldDesignator=R2 NewDesignator=R27
Change Component Designator: OldDesignator=R3 NewDesignator=R2
Change Component Designator: OldDesignator=R3 NewDesignator=R28
Change Component Designator: OldDesignator=R4 NewDesignator=R3
Change Component Designator: OldDesignator=R4 NewDesignator=R29
Change Component Designator: OldDesignator=R5 NewDesignator=R4
Change Component Designator: OldDesignator=R5 NewDesignator=R30
Change Component Designator: OldDesignator=R6 NewDesignator=R5
Change Component Designator: OldDesignator=R6 NewDesignator=R31
Change Component Designator: OldDesignator=R7 NewDesignator=R6
Change Component Designator: OldDesignator=R7 NewDesignator=R32
Change Component Designator: OldDesignator=R8 NewDesignator=R7
Change Component Designator: OldDesignator=R8 NewDesignator=R33
Change Component Designator: OldDesignator=R9 NewDesignator=R8
Change Component Designator: OldDesignator=R10 NewDesignator=R9
Change Component Designator: OldDesignator=R11 NewDesignator=R10
Change Component Designator: OldDesignator=R12 NewDesignator=R11
Change Component Designator: OldDesignator=R13 NewDesignator=R12
Change Component Designator: OldDesignator=R14 NewDesignator=R13
Change Component Designator: OldDesignator=R15 NewDesignator=R14
Change Component Designator: OldDesignator=R16 NewDesignator=R15
Change Component Designator: OldDesignator=R17 NewDesignator=R16
Change Component Designator: OldDesignator=R18 NewDesignator=R21
Change Component Designator: OldDesignator=R19 NewDesignator=R22
Change Component Designator: OldDesignator=R20 NewDesignator=R24
Change Component Designator: OldDesignator=R21 NewDesignator=R17
Change Component Designator: OldDesignator=R22 NewDesignator=R18
Change Component Designator: OldDesignator=R23 NewDesignator=R20
Change Component Designator: OldDesignator=R24 NewDesignator=R23
Change Component Designator: OldDesignator=R26 NewDesignator=R36
Change Component Designator: OldDesignator=R27 NewDesignator=R37
Change Component Designator: OldDesignator=R28 NewDesignator=R38
Change Component Designator: OldDesignator=R29 NewDesignator=R39
Change Component Designator: OldDesignator=R30 NewDesignator=R34
Change Component Designator: OldDesignator=R31 NewDesignator=R35
Change Component Designator: OldDesignator=U3 NewDesignator=U4
Change Component Designator: OldDesignator=U4 NewDesignator=U3
Change Component Designator: OldDesignator=U4 NewDesignator=U5
Change Component Designator: OldDesignator=U5 NewDesignator=U6
Change Component Designator: OldDesignator=U6 NewDesignator=U8
Change Component Designator: OldDesignator=W1 NewDesignator=W3
Change Net Name : Old Net Name=NetC1_1 New Net Name=NetC21_1
Change Net Name : Old Net Name=NetC1_2 New Net Name=NetC21_2
Change Net Name : Old Net Name=NetC2_1 New Net Name=NetC22_1
Change Net Name : Old Net Name=NetC12_1 New Net Name=NetC14_1
Change Net Name : Old Net Name=NetC12_2 New Net Name=NetC14_2
Change Net Name : Old Net Name=NetC13_2 New Net Name=NetC11_2
Change Net Name : Old Net Name=NetC17_2 New Net Name=NetC15_2
Change Net Name : Old Net Name=NetC18_1 New Net Name=NetC17_1
Change Net Name : Old Net Name=NetC21_1 New Net Name=NetC23_1
Change Net Name : Old Net Name=NetC22_1 New Net Name=NetC24_1
Change Net Name : Old Net Name=NetC23_1 New Net Name=NetC25_1
Change Net Name : Old Net Name=NetC23_2 New Net Name=NetC25_2
Change Net Name : Old Net Name=NetC24_1 New Net Name=NetC26_1
Change Net Name : Old Net Name=NetC24_2 New Net Name=NetC26_2
Change Net Name : Old Net Name=NetD1_2 New Net Name=NetD7_2
Change Net Name : Old Net Name=NetD2_1 New Net Name=NetD8_1
Change Net Name : Old Net Name=NetJ1_1 New Net Name=NetJ2_1
Change Net Name : Old Net Name=NetP1_2 New Net Name=NetP2_2
Change Net Name : Old Net Name=NetP1_3 New Net Name=NetP2_3
Change Net Name : Old Net Name=NetP2_1 New Net Name=NetP3_1
Change Net Name : Old Net Name=NetP2_3 New Net Name=NetP3_3
Change Net Name : Old Net Name=NetR1_2 New Net Name=NetR26_2
Change Net Name : Old Net Name=NetR2_1 New Net Name=NetR1_1
Change Net Name : Old Net Name=NetR2_2 New Net Name=NetR1_2
Change Net Name : Old Net Name=NetR3_2 New Net Name=NetR2_2
Change Net Name : Old Net Name=NetR4_2 New Net Name=NetR3_2
Change Net Name : Old Net Name=NetR5_2 New Net Name=NetR4_2
Change Net Name : Old Net Name=NetR6_2 New Net Name=NetR5_2
Change Net Name : Old Net Name=NetR7_2 New Net Name=NetR6_2
Change Net Name : Old Net Name=NetR8_1 New Net Name=NetR7_1
Change Net Name : Old Net Name=NetR18_1 New Net Name=NetR21_1
Change Net Name : Old Net Name=NetR21_2 New Net Name=NetR17_2
Change Net Name : Old Net Name=NetR26_1 New Net Name=NetR36_1
Change Net Name : Old Net Name=NetR27_1 New Net Name=NetR37_1
Change Net Name : Old Net Name=NetR28_1 New Net Name=NetR38_1
Change Net Name : Old Net Name=NetR29_1 New Net Name=NetR39_1
Added Pin To Net: NetName=NetC2_1 Pin=C2-1
Added Pin To Net: NetName=NetC2_1 Pin=D2-1
Added Pin To Net: NetName=NetC2_1 Pin=J1-1
Added Pin To Net: NetName=NetC2_1 Pin=U1-1
Added Net: Name=NetC2_1
Added Pin To Net: NetName=NetP1_2 Pin=P1-2
Added Pin To Net: NetName=NetP1_2 Pin=U6-7
Added Pin To Net: NetName=NetP1_2 Pin=W3-1
Added Net: Name=NetP1_2
Added Pin To Net: NetName=NetR27_2 Pin=R27-2
Added Pin To Net: NetName=NetR27_2 Pin=U8-GP20
Added Net: Name=NetR27_2
Added Member To Class: ClassName=Salida Member=Component C21 Desacople
Added Member To Class: ClassName=Salida Member=Component C22 100nF
Added Member To Class: ClassName=Salida Member=Component R26 33k
Added Member To Class: ClassName=Salida Member=Component R29 10k
Added Member To Class: ClassName=Salida Member=Component R30 Res1
Added Member To Class: ClassName=Salida Member=Component R31 0.33
Added Member To Class: ClassName=Salida Member=Component R32 10
Added Member To Class: ClassName=Control Member=Component U8 RASPBERRY_PI_PICO
Added Member To Class: ClassName=Salida Member=Component W3 Jumper
